This is pdfTeX, Version 3.14159265-2.6-1.40.16 (TeX Live 2015/Debian) (preloaded format=latex 2017.8.31)  21 NOV 2017 19:52
entering extended mode
 restricted \write18 enabled.
 %&-line parsing enabled.
**thesis.tex
(./thesis.tex
LaTeX2e <2016/02/01>
Babel <3.9q> and hyphenation patterns for 4 language(s) loaded.
(./mvlthesis.cls
Document Class: mvlthesis 1996/05/20 v1.0 WPI Machine Vision Laboratory Thesis 
Class
\hour=\count79
\minute=\count80
\dow=\count81
\leap=\count82
\x=\count83
\y=\count84
(./mvlt11.clo)
\descriptionmargin=\dimen102
\c@part=\count85
\c@chapter=\count86
\c@section=\count87
\c@subsection=\count88
\c@subsubsection=\count89
\c@paragraph=\count90
\c@subparagraph=\count91
\c@figure=\count92
\c@table=\count93
) (/usr/share/texlive/texmf-dist/tex/latex/graphics/graphicx.sty
Package: graphicx 2014/10/28 v1.0g Enhanced LaTeX Graphics (DPC,SPQR)

(/usr/share/texlive/texmf-dist/tex/latex/graphics/keyval.sty
Package: keyval 2014/10/28 v1.15 key=value parser (DPC)
\KV@toks@=\toks14
)
(/usr/share/texlive/texmf-dist/tex/latex/graphics/graphics.sty
Package: graphics 2016/01/03 v1.0q Standard LaTeX Graphics (DPC,SPQR)

(/usr/share/texlive/texmf-dist/tex/latex/graphics/trig.sty
Package: trig 2016/01/03 v1.10 sin cos tan (DPC)
)
(/usr/share/texlive/texmf-dist/tex/latex/latexconfig/graphics.cfg
File: graphics.cfg 2010/04/23 v1.9 graphics configuration of TeX Live
)
Package graphics Info: Driver file: dvipdfmx.def on input line 95.

(/usr/share/texlive/texmf-dist/tex/latex/dvipdfmx-def/dvipdfmx.def
File: dvipdfmx.def 2015/11/04 v4.07 LaTeX color/graphics driver for dvipdfmx (T
eX Live/ChoF)

(/usr/share/texlive/texmf-dist/tex/generic/oberdiek/infwarerr.sty
Package: infwarerr 2010/04/08 v1.3 Providing info/warning/error messages (HO)
)
(/usr/share/texlive/texmf-dist/tex/generic/oberdiek/ltxcmds.sty
Package: ltxcmds 2011/11/09 v1.22 LaTeX kernel commands for general use (HO)
)))
\Gin@req@height=\dimen103
\Gin@req@width=\dimen104
)
(/usr/share/texlive/texmf-dist/tex/latex/tools/verbatim.sty
Package: verbatim 2014/10/28 v1.5q LaTeX2e package for verbatim enhancements
\every@verbatim=\toks15
\verbatim@line=\toks16
\verbatim@in@stream=\read1
)
(/usr/share/texlive/texmf-dist/tex/latex/amsfonts/amssymb.sty
Package: amssymb 2013/01/14 v3.01 AMS font symbols

(/usr/share/texlive/texmf-dist/tex/latex/amsfonts/amsfonts.sty
Package: amsfonts 2013/01/14 v3.01 Basic AMSFonts support
\@emptytoks=\toks17
\symAMSa=\mathgroup4
\symAMSb=\mathgroup5
LaTeX Font Info:    Overwriting math alphabet `\mathfrak' in version `bold'
(Font)                  U/euf/m/n --> U/euf/b/n on input line 106.
))
(/usr/share/texlive/texmf-dist/tex/latex/amsmath/amsmath.sty
Package: amsmath 2016/03/03 v2.15a AMS math features
\@mathmargin=\skip41

For additional information on amsmath, use the `?' option.
(/usr/share/texlive/texmf-dist/tex/latex/amsmath/amstext.sty
Package: amstext 2000/06/29 v2.01 AMS text

(/usr/share/texlive/texmf-dist/tex/latex/amsmath/amsgen.sty
File: amsgen.sty 1999/11/30 v2.0 generic functions
\@emptytoks=\toks18
\ex@=\dimen105
))
(/usr/share/texlive/texmf-dist/tex/latex/amsmath/amsbsy.sty
Package: amsbsy 1999/11/29 v1.2d Bold Symbols
\pmbraise@=\dimen106
)
(/usr/share/texlive/texmf-dist/tex/latex/amsmath/amsopn.sty
Package: amsopn 1999/12/14 v2.01 operator names
)
\inf@bad=\count94
LaTeX Info: Redefining \frac on input line 199.
\uproot@=\count95
\leftroot@=\count96
LaTeX Info: Redefining \overline on input line 297.
\classnum@=\count97
\DOTSCASE@=\count98
LaTeX Info: Redefining \ldots on input line 394.
LaTeX Info: Redefining \dots on input line 397.
LaTeX Info: Redefining \cdots on input line 518.
\Mathstrutbox@=\box26
\strutbox@=\box27
\big@size=\dimen107
LaTeX Font Info:    Redeclaring font encoding OML on input line 630.
LaTeX Font Info:    Redeclaring font encoding OMS on input line 631.
\macc@depth=\count99
\c@MaxMatrixCols=\count100
\dotsspace@=\muskip10
\c@parentequation=\count101
\dspbrk@lvl=\count102
\tag@help=\toks19
\row@=\count103
\column@=\count104
\maxfields@=\count105
\andhelp@=\toks20
\eqnshift@=\dimen108
\alignsep@=\dimen109
\tagshift@=\dimen110
\tagwidth@=\dimen111
\totwidth@=\dimen112
\lineht@=\dimen113
\@envbody=\toks21
\multlinegap=\skip42
\multlinetaggap=\skip43
\mathdisplay@stack=\toks22
LaTeX Info: Redefining \[ on input line 2735.
LaTeX Info: Redefining \] on input line 2736.
)
(/usr/share/texlive/texmf-dist/tex/latex/float/float.sty
Package: float 2001/11/08 v1.3d Float enhancements (AL)
\c@float@type=\count106
\float@exts=\toks23
\float@box=\box28
\@float@everytoks=\toks24
\@floatcapt=\box29
) (./cite.sty
LaTeX Info: Redefining \cite on input line 302.
LaTeX Info: Redefining \nocite on input line 332.
Package: cite 2015/02/27  v 5.5
)
(/usr/share/texlive/texmf-dist/tex/latex/url/url.sty
\Urlmuskip=\muskip11
Package: url 2013/09/16  ver 3.4  Verb mode for urls, etc.
)
(/usr/share/texlive/texmf-dist/tex/latex/hyperref/hyperref.sty
Package: hyperref 2012/11/06 v6.83m Hypertext links for LaTeX

(/usr/share/texlive/texmf-dist/tex/generic/oberdiek/hobsub-hyperref.sty
Package: hobsub-hyperref 2012/05/28 v1.13 Bundle oberdiek, subset hyperref (HO)


(/usr/share/texlive/texmf-dist/tex/generic/oberdiek/hobsub-generic.sty
Package: hobsub-generic 2012/05/28 v1.13 Bundle oberdiek, subset generic (HO)
Package: hobsub 2012/05/28 v1.13 Construct package bundles (HO)
Package hobsub Info: Skipping package `infwarerr' (already loaded).
Package hobsub Info: Skipping package `ltxcmds' (already loaded).
Package: ifluatex 2010/03/01 v1.3 Provides the ifluatex switch (HO)
Package ifluatex Info: LuaTeX not detected.
Package: ifvtex 2010/03/01 v1.5 Detect VTeX and its facilities (HO)
Package ifvtex Info: VTeX not detected.
Package: intcalc 2007/09/27 v1.1 Expandable calculations with integers (HO)
Package: ifpdf 2011/01/30 v2.3 Provides the ifpdf switch (HO)
Package ifpdf Info: pdfTeX in PDF mode is not detected.
Package: etexcmds 2011/02/16 v1.5 Avoid name clashes with e-TeX commands (HO)
Package etexcmds Info: Could not find \expanded.
(etexcmds)             That can mean that you are not using pdfTeX 1.50 or
(etexcmds)             that some package has redefined \expanded.
(etexcmds)             In the latter case, load this package earlier.
Package: kvsetkeys 2012/04/25 v1.16 Key value parser (HO)
Package: kvdefinekeys 2011/04/07 v1.3 Define keys (HO)
Package: pdftexcmds 2011/11/29 v0.20 Utility functions of pdfTeX for LuaTeX (HO
)
Package pdftexcmds Info: LuaTeX not detected.
Package pdftexcmds Info: \pdf@primitive is available.
Package pdftexcmds Info: \pdf@ifprimitive is available.
Package pdftexcmds Info: \pdfdraftmode is ignored in DVI mode.
Package: pdfescape 2011/11/25 v1.13 Implements pdfTeX's escape features (HO)
Package: bigintcalc 2012/04/08 v1.3 Expandable calculations on big integers (HO
)
Package: bitset 2011/01/30 v1.1 Handle bit-vector datatype (HO)
Package: uniquecounter 2011/01/30 v1.2 Provide unlimited unique counter (HO)
)
Package hobsub Info: Skipping package `hobsub' (already loaded).
Package: letltxmacro 2010/09/02 v1.4 Let assignment for LaTeX macros (HO)
Package: hopatch 2012/05/28 v1.2 Wrapper for package hooks (HO)
Package: xcolor-patch 2011/01/30 xcolor patch
Package: atveryend 2011/06/30 v1.8 Hooks at the very end of document (HO)
Package atveryend Info: \enddocument detected (standard20110627).
Package: atbegshi 2011/10/05 v1.16 At begin shipout hook (HO)
Package: refcount 2011/10/16 v3.4 Data extraction from label references (HO)
Package: hycolor 2011/01/30 v1.7 Color options for hyperref/bookmark (HO)
)
(/usr/share/texlive/texmf-dist/tex/generic/ifxetex/ifxetex.sty
Package: ifxetex 2010/09/12 v0.6 Provides ifxetex conditional
)
(/usr/share/texlive/texmf-dist/tex/latex/oberdiek/auxhook.sty
Package: auxhook 2011/03/04 v1.3 Hooks for auxiliary files (HO)
)
(/usr/share/texlive/texmf-dist/tex/latex/oberdiek/kvoptions.sty
Package: kvoptions 2011/06/30 v3.11 Key value format for package options (HO)
)
\@linkdim=\dimen114
\Hy@linkcounter=\count107
\Hy@pagecounter=\count108

(/usr/share/texlive/texmf-dist/tex/latex/hyperref/pd1enc.def
File: pd1enc.def 2012/11/06 v6.83m Hyperref: PDFDocEncoding definition (HO)
)
\Hy@SavedSpaceFactor=\count109

(/usr/share/texlive/texmf-dist/tex/latex/latexconfig/hyperref.cfg
File: hyperref.cfg 2002/06/06 v1.2 hyperref configuration of TeXLive
)
Package hyperref Info: Option `breaklinks' set `true' on input line 4319.
Package hyperref Info: Hyper figures OFF on input line 4443.
Package hyperref Info: Link nesting OFF on input line 4448.
Package hyperref Info: Hyper index ON on input line 4451.
Package hyperref Info: Plain pages OFF on input line 4458.
Package hyperref Info: Backreferencing OFF on input line 4463.
Package hyperref Info: Implicit mode ON; LaTeX internals redefined.
Package hyperref Info: Bookmarks ON on input line 4688.
\c@Hy@tempcnt=\count110
LaTeX Info: Redefining \url on input line 5041.
\XeTeXLinkMargin=\dimen115
\Fld@menulength=\count111
\Field@Width=\dimen116
\Fld@charsize=\dimen117
Package hyperref Info: Hyper figures OFF on input line 6295.
Package hyperref Info: Link nesting OFF on input line 6300.
Package hyperref Info: Hyper index ON on input line 6303.
Package hyperref Info: backreferencing OFF on input line 6310.
Package hyperref Info: Link coloring OFF on input line 6315.
Package hyperref Info: Link coloring with OCG OFF on input line 6320.
Package hyperref Info: PDF/A mode OFF on input line 6325.
LaTeX Info: Redefining \ref on input line 6365.
LaTeX Info: Redefining \pageref on input line 6369.
\Hy@abspage=\count112
\c@Item=\count113
\c@Hfootnote=\count114
)

Package hyperref Message: Driver (default): hdvips.

(/usr/share/texlive/texmf-dist/tex/latex/hyperref/hdvips.def
File: hdvips.def 2012/11/06 v6.83m Hyperref driver for dvips

(/usr/share/texlive/texmf-dist/tex/latex/hyperref/pdfmark.def
File: pdfmark.def 2012/11/06 v6.83m Hyperref definitions for pdfmark specials


Package hyperref Warning: You have enabled option `breaklinks'.
(hyperref)                But driver `hdvips.def' does not suppport this.
(hyperref)                Expect trouble with the link areas of broken links.

\pdf@docset=\toks25
\pdf@box=\box30
\pdf@toks=\toks26
\pdf@defaulttoks=\toks27
\HyField@AnnotCount=\count115
\Fld@listcount=\count116
\c@bookmark@seq@number=\count117
(/usr/share/texlive/texmf-dist/tex/latex/oberdiek/rerunfilecheck.sty
Package: rerunfilecheck 2011/04/15 v1.7 Rerun checks for auxiliary files (HO)
Package uniquecounter Info: New unique counter `rerunfilecheck' on input line 2
82.
)
\Hy@SectionHShift=\skip44
))
Package hyperref Info: Option `colorlinks' set `true' on input line 12.

(/usr/share/texlive/texmf-dist/tex/latex/fancyvrb/fancyvrb.sty
Package: fancyvrb 2008/02/07

Style option: `fancyvrb' v2.7a, with DG/SPQR fixes, and firstline=lastline fix 
<2008/02/07> (tvz)
\FV@CodeLineNo=\count118
\FV@InFile=\read2
\FV@TabBox=\box31
\c@FancyVerbLine=\count119
\FV@StepNumber=\count120
\FV@OutFile=\write3
)
(/usr/share/texlive/texmf-dist/tex/latex/listings/listings.sty
\lst@mode=\count121
\lst@gtempboxa=\box32
\lst@token=\toks28
\lst@length=\count122
\lst@currlwidth=\dimen118
\lst@column=\count123
\lst@pos=\count124
\lst@lostspace=\dimen119
\lst@width=\dimen120
\lst@newlines=\count125
\lst@lineno=\count126
\abovecaptionskip=\skip45
\belowcaptionskip=\skip46
\lst@maxwidth=\dimen121

(/usr/share/texlive/texmf-dist/tex/latex/listings/lstmisc.sty
File: lstmisc.sty 2015/06/04 1.6 (Carsten Heinz)
\c@lstnumber=\count127
\lst@skipnumbers=\count128
\lst@framebox=\box33
)
(/usr/share/texlive/texmf-dist/tex/latex/listings/listings.cfg
File: listings.cfg 2015/06/04 1.6 listings configuration
))
Package: listings 2015/06/04 1.6 (Carsten Heinz)
 (./thesis.aux
(./chapter2.aux) (./chapter3.aux) (./chapter4.aux) (./chapter5.aux)
(./chapter6.aux) (./conclusion.aux) (./appendixb.aux) (./appendixc.aux))
\openout1 = `thesis.aux'.

LaTeX Font Info:    Checking defaults for OML/cmm/m/it on input line 62.
LaTeX Font Info:    ... okay on input line 62.
LaTeX Font Info:    Checking defaults for T1/cmr/m/n on input line 62.
LaTeX Font Info:    ... okay on input line 62.
LaTeX Font Info:    Checking defaults for OT1/cmr/m/n on input line 62.
LaTeX Font Info:    ... okay on input line 62.
LaTeX Font Info:    Checking defaults for OMS/cmsy/m/n on input line 62.
LaTeX Font Info:    ... okay on input line 62.
LaTeX Font Info:    Checking defaults for OMX/cmex/m/n on input line 62.
LaTeX Font Info:    ... okay on input line 62.
LaTeX Font Info:    Checking defaults for U/cmr/m/n on input line 62.
LaTeX Font Info:    ... okay on input line 62.
LaTeX Font Info:    Checking defaults for PD1/pdf/m/n on input line 62.
LaTeX Font Info:    ... okay on input line 62.
\AtBeginShipoutBox=\box34


Package hyperref Warning: Height of page (\paperheight) is invalid (0.0pt),
(hyperref)                using 11in.

(/usr/share/texlive/texmf-dist/tex/latex/graphics/color.sty
Package: color 2016/01/03 v1.1b Standard LaTeX Color (DPC)

(/usr/share/texlive/texmf-dist/tex/latex/latexconfig/color.cfg
File: color.cfg 2007/01/18 v1.5 color configuration of teTeX/TeXLive
)
Package color Info: Driver file: dvips.def on input line 143.

(/usr/share/texlive/texmf-dist/tex/latex/graphics/dvips.def
File: dvips.def 2015/12/30 v3.0k Driver-dependent file (DPC,SPQR)
)
(/usr/share/texlive/texmf-dist/tex/latex/graphics/dvipsnam.def
File: dvipsnam.def 2015/12/30 v3.0k Driver-dependent file (DPC,SPQR)
))
Package hyperref Info: Link coloring ON on input line 62.

(/usr/share/texlive/texmf-dist/tex/latex/hyperref/nameref.sty
Package: nameref 2012/10/27 v2.43 Cross-referencing by name of section

(/usr/share/texlive/texmf-dist/tex/generic/oberdiek/gettitlestring.sty
Package: gettitlestring 2010/12/03 v1.4 Cleanup title references (HO)
)
\c@section@level=\count129
)
LaTeX Info: Redefining \ref on input line 62.
LaTeX Info: Redefining \pageref on input line 62.
LaTeX Info: Redefining \nameref on input line 62.

(./thesis.out) (./thesis.out)
\@outlinefile=\write4
\openout4 = `thesis.out'.

\c@lstlisting=\count130

Underfull \hbox (badness 10000) in paragraph at lines 67--67

 []

[1

] (./abstract.tex) [1] (./acknowledgement.tex) [2] (./thesis.toc
LaTeX Font Info:    Try loading font information for U+msa on input line 4.

(/usr/share/texlive/texmf-dist/tex/latex/amsfonts/umsa.fd
File: umsa.fd 2013/01/14 v3.01 AMS symbols A
)
LaTeX Font Info:    Try loading font information for U+msb on input line 4.

(/usr/share/texlive/texmf-dist/tex/latex/amsfonts/umsb.fd
File: umsb.fd 2013/01/14 v3.01 AMS symbols B
) [3

] [4])
\tf@toc=\write5
\openout5 = `thesis.toc'.

 [5]
(./thesis.lof
Overfull \hbox (13.38773pt too wide) in paragraph at lines 2--2
 [][] [][][]\OT1/cmr/m/n/10.95 Heterogeneous sen-sor net-work em-ploy-ing co-op
-er-a-tive spec-trum sens-ing. $\OML/cmm/m/it/10.95 RFFE[]$ 
 []

[6

]
Overfull \hbox (2.43279pt too wide) in paragraph at lines 24--24
 [][] [][][]\OT1/cmr/m/n/10.95 HST chan-nel model con-sist-ing of time-series K
-factor and Doppler shift caused 
 []

)
\tf@lof=\write6
\openout6 = `thesis.lof'.

 [7] (./thesis.lot)
\tf@lot=\write7
\openout7 = `thesis.lot'.

 (./introduction.tex [8

]
Chapter 1.
[9

]
File: images/Gill/figs/introdiag.eps Graphic file (type eps)
 <images/Gill/figs/introdiag.eps> [10]
File: images/Gill/lte_figs/3dtunnel.eps Graphic file (type eps)
 <images/Gill/lte_figs/3dtunnel.eps>
Missing character: There is no ‚ in font cmr10!
Missing character: There is no Ä in font cmr10!
Missing character: There is no ù in font cmr10!
Missing character: There is no ‚ in font cmr10!
Missing character: There is no Ä in font cmr10!
Missing character: There is no ù in font cmr10!
Missing character: There is no ‚ in font cmr10!
Missing character: There is no Ä in font cmr10!
Missing character: There is no ù in font cmr10!
Missing character: There is no ‚ in font cmr10!
Missing character: There is no Ä in font cmr10!
Missing character: There is no ù in font cmr10!

[11]
Missing character: There is no ‚ in font cmr10!
Missing character: There is no Ä in font cmr10!
Missing character: There is no ô in font cmr10!
 [12] [13]) [14]
\openout2 = `chapter2.aux'.

 (./chapter2.tex
Chapter 2.

LaTeX Warning: Reference `tableG' on page 15 undefined on input line 5.


Overfull \hbox (293.66107pt too wide) in paragraph at lines 9--20
 [][] 
 []

[15


]
Missing character: There is no ‚ in font cmr10!
Missing character: There is no Ä in font cmr10!
Missing character: There is no ì in font cmr10!
Missing character: There is no ‚ in font cmr10!
Missing character: There is no Ä in font cmr10!
Missing character: There is no ì in font cmr10!
 [16] [17]
File: images/Gill/5G/5gsystemarch.eps Graphic file (type eps)
 <images/Gill/5G/5gsystemarch.eps>)
Underfull \hbox (badness 10000) in paragraph at lines 55--93

 []

[18] [19]
\openout2 = `chapter3.aux'.

 (./chapter3.tex
Chapter 3.
[20



]
File: images/Gill/figs/cognitive_radio.eps Graphic file (type eps)
 <images/Gill/figs/cognitive_radio.eps> [21] [22] [23]
File: images/Gill/figs/softwaredefinedradio.eps Graphic file (type eps)

<images/Gill/figs/softwaredefinedradio.eps> [24]
File: images/Gill/figs/usrp.eps Graphic file (type eps)
 <images/Gill/figs/usrp.eps>
[25]
File: images/Gill/figs/rtlsdr.eps Graphic file (type eps)
 <images/Gill/figs/rtlsdr.eps>
Missing character: There is no ‚ in font cmr10!
Missing character: There is no Ä in font cmr10!
Missing character: There is no ú in font cmr10!
Missing character: There is no ‚ in font cmr10!
Missing character: There is no Ä in font cmr10!
Missing character: There is no ù in font cmr10!
 [26]
File: images/Gill/figs/gnuradio.eps Graphic file (type eps)
 <images/Gill/figs/gnuradio.eps>
Missing character: There is no ‚ in font cmr10!
Missing character: There is no Ä in font cmr10!
Missing character: There is no ô in font cmr10!

[27])
Underfull \hbox (badness 10000) in paragraph at lines 153--96

 []

[28] [29]
\openout2 = `chapter4.aux'.

 (./chapter4.tex
Chapter 4.
Missing character: There is no ‚ in font cmr10!
Missing character: There is no Ä in font cmr10!
Missing character: There is no ì in font cmr10!
Missing character: There is no ‚ in font cmr10!
Missing character: There is no Ä in font cmr10!
Missing character: There is no ì in font cmr10!
Missing character: There is no ‚ in font cmr10!
Missing character: There is no Ä in font cmr10!
Missing character: There is no ì in font cmr10!
Missing character: There is no ‚ in font cmr10!
Missing character: There is no Ä in font cmr10!
Missing character: There is no ì in font cmr10!
Missing character: There is no ‚ in font cmr10!
Missing character: There is no Ä in font cmr10!
Missing character: There is no ì in font cmr10!
File: images/Gill/lte_figs/lter_architecture.eps Graphic file (type eps)
<images/Gill/lte_figs/lter_architecture.eps> [30



] [31]
Missing character: There is no ¬ in font cmr10!
Missing character: There is no ≠ in font cmr10!

Overfull \hbox (17.3532pt too wide) in paragraph at lines 40--44
\OT1/cmr/m/n/10.95 mis-sion must be re-duced as much as pos-si-ble.[RuisiHeBoAi
GongpuWang/HSRCommunications] 
 []

File: images/Gill/lte_figs/leakycoax.eps Graphic file (type eps)
<images/Gill/lte_figs/leakycoax.eps> [32] [33]
Missing character: There is no œ in font cmr10!
Missing character: There is no Ñ in font cmr10!
Missing character: There is no Œ in font cmr10!
Missing character: There is no ¥ in font cmr10!
Missing character: There is no œ in font cmr10!
Missing character: There is no Ñ in font cmr10!
Missing character: There is no ‚ in font cmr10!
Missing character: There is no à in font cmr10!
Missing character: There is no í in font cmr10!
Missing character: There is no œ in font cmr10!
Missing character: There is no Ñ in font cmr10!
Missing character: There is no Œ in font cmr10!
Missing character: There is no ± in font cmr10!
Missing character: There is no Œ in font cmr10!
Missing character: There is no ± in font cmr10!
File: images/Gill/lte_figs/dopplerspectrum.eps Graphic file (type eps)

<images/Gill/lte_figs/dopplerspectrum.eps>)
Underfull \hbox (badness 10000) in paragraph at lines 110--99

 []

[34] [35]
\openout2 = `chapter5.aux'.

 (./chapter5.tex
Chapter 5.
File: images/Gill/figs/setup.eps Graphic file (type eps)
<images/Gill/figs/setup.eps>
File: images/Gill/figs/transmitter.eps Graphic file (type eps)
 <images/Gill/figs/transmitter.eps>
File: images/Gill/figs/normalizedenergy.eps Graphic file (type eps)

<images/Gill/figs/normalizedenergy.eps>
File: images/Gill/figs/hardfusion.eps Graphic file (type eps)
 <images/Gill/figs/hardfusion.eps>
[36



]
File: images/Gill/figs/mnescheme.eps Graphic file (type eps)
 <images/Gill/figs/mnescheme.eps>
File: images/Gill/figs/egcscheme.eps Graphic file (type eps)
 <images/Gill/figs/egcscheme.eps> [37]
File: images/Gill/lte_figs/finalblock.eps Graphic file (type eps)

<images/Gill/lte_figs/finalblock.eps>
File: images/Gill/lte_figs/subblock.eps Graphic file (type eps)
 <images/Gill/lte_figs/subblock.eps>
[38]
File: images/Gill/lte_figs/receivedsignal.eps Graphic file (type eps)
 <images/Gill/lte_figs/receivedsignal.eps>)
Underfull \hbox (badness 10000) in paragraph at lines 124--102

 []

[39] [40] [41] [42] [43]
\openout2 = `chapter6.aux'.

 (./chapter6.tex
Chapter 6.
File: images/Gill/figs/hardecisionpd.eps Graphic file (type eps)
<images/Gill/figs/hardecisionpd.eps>
File: images/Gill/figs/hardecisioroc.eps Graphic file (type eps)
 <images/Gill/figs/hardecisioroc.eps>
File: images/Gill/figs/softnhardecisionpd.eps Graphic file (type eps)

<images/Gill/figs/softnhardecisionpd.eps>
File: images/Gill/lte_figs/kfactordist.eps Graphic file (type eps)

<images/Gill/lte_figs/kfactordist.eps>
File: images/Gill/lte_figs/qpskricean.eps Graphic file (type eps)
 <images/Gill/lte_figs/qpskricean.eps>
File: images/Gill/lte_figs/16qamricean.eps Graphic file (type eps)

<images/Gill/lte_figs/16qamricean.eps>
File: images/Gill/lte_figs/64qamricean.eps Graphic file (type eps)
 <images/Gill/lte_figs/64qamricean.eps>
File: images/Gill/lte_figs/mqamricean.eps Graphic file (type eps)

<images/Gill/lte_figs/mqamricean.eps>
File: images/Gill/lte_figs/kfactorcontinuous.eps Graphic file (type eps)

<images/Gill/lte_figs/kfactorcontinuous.eps>
Underfull \hbox (badness 10000) in paragraph at lines 90--91

 []

[44



]) [45] [46] [47] [48] [49] [50] [51]
\openout2 = `conclusion.aux'.

 (./conclusion.tex
Chapter 7.
) [52



] (./thesis.bbl [53


]
Missing character: There is no ‚ in font cmr10!
Missing character: There is no Ä in font cmr10!
Missing character: There is no î in font cmr10!
 [54]
Overfull \hbox (39.96436pt too wide) in paragraph at lines 139--142
[]\OT1/cmr/m/n/10.95 Usrp. [On-line]. Avail-able: [][][]$https : / / www . ettu
s . com / product / category / USRP-[]Embedded-[]Series/$[][][][] 
 []

[55]
Underfull \hbox (badness 10000) in paragraph at lines 206--209
[]\OT1/cmr/m/n/10.95 Xilinx spar-tan 3a. [On-line]. Avail-able:
 []

) [56]
\openout2 = `appendixb.aux'.

 (./appendixb.tex
Appendix A.
LaTeX Font Info:    Try loading font information for OMS+cmr on input line 13.
(/usr/share/texlive/texmf-dist/tex/latex/base/omscmr.fd
File: omscmr.fd 2014/09/29 v2.5h Standard LaTeX font definitions
)
LaTeX Font Info:    Font shape `OMS/cmr/m/n' in size <10.95> not available
(Font)              Font shape `OMS/cmsy/m/n' tried instead on input line 13.
 [57


]
LaTeX Font Info:    Try loading font information for OML+cmr on input line 39.

(/usr/share/texlive/texmf-dist/tex/latex/base/omlcmr.fd
File: omlcmr.fd 2014/09/29 v2.5h Standard LaTeX font definitions
)
LaTeX Font Info:    Font shape `OML/cmr/m/n' in size <10.95> not available
(Font)              Font shape `OML/cmm/m/it' tried instead on input line 39.
 [58] [59]
Overfull \hbox (98.84534pt too wide) in paragraph at lines 86--87
[][] 
 []


Overfull \hbox (190.5365pt too wide) in paragraph at lines 87--88
[][][][][][][] 
 []


Overfull \hbox (183.96643pt too wide) in paragraph at lines 88--89
[][][][][][][] 
 []


Overfull \hbox (183.96643pt too wide) in paragraph at lines 89--90
[][][][][][][] 
 []

[60] [61] [62] [63] [64] [65] [66] [67] [68] [69] [70] [71] [72] [73] [74]
[75] [76] [77] [78] [79] [80]) [81]
\openout2 = `appendixc.aux'.

 (./appendixc.tex
Appendix B.
[82



] [83] [84] [85] [86] [87] [88] [89] [90] [91] [92]) [93]
Package atveryend Info: Empty hook `BeforeClearDocument' on input line 119.
Package atveryend Info: Empty hook `AfterLastShipout' on input line 119.
 (./thesis.aux
(./chapter2.aux) (./chapter3.aux) (./chapter4.aux) (./chapter5.aux)
(./chapter6.aux) (./conclusion.aux) (./appendixb.aux) (./appendixc.aux))
Package atveryend Info: Empty hook `AtVeryEndDocument' on input line 119.
Package atveryend Info: Executing hook `AtEndAfterFileList' on input line 119.
Package rerunfilecheck Info: File `thesis.out' has not changed.
(rerunfilecheck)             Checksum: E277A561D4C0C5ED08AD6E4EDA90C82C;4915.


LaTeX Warning: There were undefined references.

Package atveryend Info: Empty hook `AtVeryVeryEnd' on input line 119.
 ) 
Here is how much of TeX's memory you used:
 7779 strings out of 494930
 112368 string characters out of 6180168
 299226 words of memory out of 5000000
 10887 multiletter control sequences out of 15000+600000
 12286 words of font info for 45 fonts, out of 8000000 for 9000
 16 hyphenation exceptions out of 8191
 35i,12n,32p,3593b,1645s stack positions out of 5000i,500n,10000p,200000b,80000s

Output written on thesis.dvi (94 pages, 494100 bytes).
